c:\users\agustin\documents\github\algoritmos2obl1\entrega1\debug\pilalista.obj
c:\users\agustin\documents\github\algoritmos2obl1\entrega1\debug\listaordimp.obj
c:\users\agustin\documents\github\algoritmos2obl1\entrega1\debug\casodeprueba.obj
c:\users\agustin\documents\github\algoritmos2obl1\entrega1\debug\pilaarray.obj
c:\users\agustin\documents\github\algoritmos2obl1\entrega1\debug\iteradorpilalista.obj
c:\users\agustin\documents\github\algoritmos2obl1\entrega1\debug\main.obj
c:\users\agustin\documents\github\algoritmos2obl1\entrega1\debug\sistema.obj
c:\users\agustin\documents\github\algoritmos2obl1\entrega1\debug\iteradorpilaarray.obj
c:\users\agustin\documents\github\algoritmos2obl1\entrega1\debug\sistematemplates.obj
c:\users\agustin\documents\github\algoritmos2obl1\entrega1\debug\vc140.pdb
c:\users\agustin\documents\github\algoritmos2obl1\entrega1\debug\obligatorio.ilk
c:\users\agustin\documents\github\algoritmos2obl1\entrega1\debug\obligatorio.exe
c:\users\agustin\documents\github\algoritmos2obl1\entrega1\debug\obligatorio.pdb
c:\users\agustin\documents\github\algoritmos2obl1\entrega1\debug\vc140.idb
c:\users\agustin\documents\github\algoritmos2obl1\entrega1\debug\obligatorio.tlog\cl.command.1.tlog
c:\users\agustin\documents\github\algoritmos2obl1\entrega1\debug\obligatorio.tlog\cl.read.1.tlog
c:\users\agustin\documents\github\algoritmos2obl1\entrega1\debug\obligatorio.tlog\cl.write.1.tlog
c:\users\agustin\documents\github\algoritmos2obl1\entrega1\debug\obligatorio.tlog\link.command.1.tlog
c:\users\agustin\documents\github\algoritmos2obl1\entrega1\debug\obligatorio.tlog\link.read.1.tlog
c:\users\agustin\documents\github\algoritmos2obl1\entrega1\debug\obligatorio.tlog\link.write.1.tlog
